targets:	['/users/stud/k/kruret00/PASC25/targets/target_sequences_10.txt']
user_email:	reto.krummenacher@unibas.ch
ncbi_api_key:	c41c985f48ef5f0bb71e43d2f804b7251a08
get_taxonomy:	True
n_cpu:	1
n_flanking:	4
n_flanking5:	4
n_flanking3:	4
exclude_partial:	False
out_label:	default
out_label_suffix:	
tmp_folder:	/users/stud/k/kruret00/MT/GCsnap//tmp
collect_only:	False
n_max:	30
operon_cluster_advanced:	False
max_family_freq:	20
min_family_freq:	2
num_iterations:	1
max_evalue:	0.001
min_coverage:	70
default_base:	10
clustering_method:	mmseqs
blast:	psiblast
mmseqs:	mmseqs
genomic_context_cmap:	Spectral
out_format:	png
print_color_summary:	False
get_pdbs:	False
get_functional_annotations:	False
annotate_TM:	True
annotation_TM_mode:	uniprot
annotation_TM_file:	None
interactive:	True
gc_legend_mode:	species
min_coocc:	0.3
min_family_freq_accross_contexts:	30
sort_mode:	taxonomy
in_tree:	None
in_tree_format:	newick
clans_patterns:	None
clans_file:	None
