2025-03-06 02:14:12,457 - base - INFO - GCsnap started
2025-03-06 02:14:12,507 - base - INFO - Done Configuration file config.yaml loaded
2025-03-06 02:14:12,507 - base - INFO - Parsing CLI arguments and config.yaml
2025-03-06 02:14:12,511 - base - INFO - Done Parsing CLI arguments and config.yaml
2025-03-06 02:14:12,511 - base - INFO - Parsing targets
2025-03-06 02:14:12,521 - base - INFO - Done Parsing targets
2025-03-06 02:14:12,527 - iteration - INFO - Mapping 
2025-03-06 02:14:20,389 - iteration - WARNING - 212 ids is not containd in mapping database.
2025-03-06 02:14:20,390 - iteration - WARNING - Target sequence A0A011T3I0
2025-03-06 02:14:20,390 - iteration - WARNING - Target sequence A0A009FM13
2025-03-06 02:14:20,390 - iteration - WARNING - Target sequence A0A009L1T4
2025-03-06 02:14:20,390 - iteration - WARNING - Target sequence A0A010Q8V5
2025-03-06 02:14:20,390 - iteration - WARNING - Target sequence A0A009FYB3
2025-03-06 02:14:20,390 - iteration - WARNING - Target sequence A0A009GCF5
2025-03-06 02:14:20,390 - iteration - WARNING - Target sequence A0A013RS52
2025-03-06 02:14:20,390 - iteration - WARNING - Target sequence A0A009LUC3
2025-03-06 02:14:20,390 - iteration - WARNING - Target sequence A0A011T4K0
2025-03-06 02:14:20,390 - iteration - WARNING - Target sequence A0A010PKV9
2025-03-06 02:14:20,390 - iteration - WARNING - Target sequence A0A009G5J6
2025-03-06 02:14:20,390 - iteration - WARNING - Target sequence A0A011UBU6
2025-03-06 02:14:20,390 - iteration - WARNING - Target sequence A0A009KRN6
2025-03-06 02:14:20,390 - iteration - WARNING - Target sequence A0A011V9E6
2025-03-06 02:14:20,390 - iteration - WARNING - Target sequence A0A009LUC5
2025-03-06 02:14:20,390 - iteration - WARNING - Target sequence A0A009KS78
2025-03-06 02:14:20,390 - iteration - WARNING - Target sequence A0A011UMN1
2025-03-06 02:14:20,390 - iteration - WARNING - Target sequence A0A013RYQ4
2025-03-06 02:14:20,390 - iteration - WARNING - Target sequence A0A013TLU6
2025-03-06 02:14:20,390 - iteration - WARNING - Target sequence A0A010Q921
2025-03-06 02:14:20,390 - iteration - WARNING - Target sequence A0A011T791
2025-03-06 02:14:20,390 - iteration - WARNING - Target sequence A0A009GFA5
2025-03-06 02:14:20,390 - iteration - WARNING - Target sequence A0A009KMV8
2025-03-06 02:14:20,390 - iteration - WARNING - Target sequence A0A009FUV1
2025-03-06 02:14:20,390 - iteration - WARNING - Target sequence A0A013RQV3
2025-03-06 02:14:20,390 - iteration - WARNING - Target sequence A0A013SUM0
2025-03-06 02:14:20,390 - iteration - WARNING - Target sequence A0A009LBF7
2025-03-06 02:14:20,390 - iteration - WARNING - Target sequence A0A013S186
2025-03-06 02:14:20,390 - iteration - WARNING - Target sequence A0A010NVA8
2025-03-06 02:14:20,390 - iteration - WARNING - Target sequence A0A010NWN8
2025-03-06 02:14:20,390 - iteration - WARNING - Target sequence A0A009KJS3
2025-03-06 02:14:20,391 - iteration - WARNING - Target sequence A0A009L4C4
2025-03-06 02:14:20,391 - iteration - WARNING - Target sequence A0A009G8J9
2025-03-06 02:14:20,391 - iteration - WARNING - Target sequence A0A009KV24
2025-03-06 02:14:20,391 - iteration - WARNING - Target sequence A0A009L041
2025-03-06 02:14:20,391 - iteration - WARNING - Target sequence A0A011TWI3
2025-03-06 02:14:20,391 - iteration - WARNING - Target sequence A0A009KMJ4
2025-03-06 02:14:20,391 - iteration - WARNING - Target sequence A0A009GEM8
2025-03-06 02:14:20,391 - iteration - WARNING - Target sequence A0A009H8I8
2025-03-06 02:14:20,391 - iteration - WARNING - Target sequence A0A011UA44
2025-03-06 02:14:20,391 - iteration - WARNING - Target sequence A0A009GMF1
2025-03-06 02:14:20,391 - iteration - WARNING - Target sequence A0A009LHY5
2025-03-06 02:14:20,391 - iteration - WARNING - Target sequence A0A010Q818
2025-03-06 02:14:20,391 - iteration - WARNING - Target sequence A0A009KJ87
2025-03-06 02:14:20,391 - iteration - WARNING - Target sequence A0A009G1E2
2025-03-06 02:14:20,391 - iteration - WARNING - Target sequence A0A009LGL4
2025-03-06 02:14:20,391 - iteration - WARNING - Target sequence A0A013RKH3
2025-03-06 02:14:20,391 - iteration - WARNING - Target sequence A0A009EZA8
2025-03-06 02:14:20,391 - iteration - WARNING - Target sequence A0A009F217
2025-03-06 02:14:20,391 - iteration - WARNING - Target sequence A0A009HDN8
2025-03-06 02:14:20,391 - iteration - WARNING - Target sequence A0A009KT98
2025-03-06 02:14:20,391 - iteration - WARNING - Target sequence A0A009FEX1
2025-03-06 02:14:20,391 - iteration - WARNING - Target sequence A0A013RTA9
2025-03-06 02:14:20,391 - iteration - WARNING - Target sequence A0A009FXZ5
2025-03-06 02:14:20,391 - iteration - WARNING - Target sequence A0A010NM00
2025-03-06 02:14:20,391 - iteration - WARNING - Target sequence A0A009EYZ0
2025-03-06 02:14:20,391 - iteration - WARNING - Target sequence A0A011U548
2025-03-06 02:14:20,391 - iteration - WARNING - Target sequence A0A009FWL8
2025-03-06 02:14:20,391 - iteration - WARNING - Target sequence A0A009KJL7
2025-03-06 02:14:20,391 - iteration - WARNING - Target sequence A0A009H8J5
2025-03-06 02:14:20,391 - iteration - WARNING - Target sequence A0A013S2V3
2025-03-06 02:14:20,391 - iteration - WARNING - Target sequence A0A013SG32
2025-03-06 02:14:20,391 - iteration - WARNING - Target sequence A0A009FBQ3
2025-03-06 02:14:20,391 - iteration - WARNING - Target sequence A0A009GXZ8
2025-03-06 02:14:20,391 - iteration - WARNING - Target sequence A0A009F4H2
2025-03-06 02:14:20,391 - iteration - WARNING - Target sequence A0A009FEJ2
2025-03-06 02:14:20,391 - iteration - WARNING - Target sequence A0A011UF92
2025-03-06 02:14:20,391 - iteration - WARNING - Target sequence A0A013SXG9
2025-03-06 02:14:20,391 - iteration - WARNING - Target sequence A0A009KTL6
2025-03-06 02:14:20,391 - iteration - WARNING - Target sequence A0A009EWX6
2025-03-06 02:14:20,391 - iteration - WARNING - Target sequence A0A009GVT3
2025-03-06 02:14:20,391 - iteration - WARNING - Target sequence A0A011SYF9
2025-03-06 02:14:20,391 - iteration - WARNING - Target sequence A0A009G846
2025-03-06 02:14:20,391 - iteration - WARNING - Target sequence A0A013RSV0
2025-03-06 02:14:20,391 - iteration - WARNING - Target sequence A0A013SXC3
2025-03-06 02:14:20,392 - iteration - WARNING - Target sequence A0A009GGM3
2025-03-06 02:14:20,392 - iteration - WARNING - Target sequence A0A009FQT4
2025-03-06 02:14:20,392 - iteration - WARNING - Target sequence A0A013RTY6
2025-03-06 02:14:20,392 - iteration - WARNING - Target sequence A0A009GN94
2025-03-06 02:14:20,392 - iteration - WARNING - Target sequence A0A009KNS2
2025-03-06 02:14:20,392 - iteration - WARNING - Target sequence A0A013SJD2
2025-03-06 02:14:20,392 - iteration - WARNING - Target sequence A0A010PU68
2025-03-06 02:14:20,392 - iteration - WARNING - Target sequence A0A009ECZ9
2025-03-06 02:14:20,392 - iteration - WARNING - Target sequence A0A013SYE8
2025-03-06 02:14:20,392 - iteration - WARNING - Target sequence A0A009EP08
2025-03-06 02:14:20,392 - iteration - WARNING - Target sequence A0A009KQF2
2025-03-06 02:14:20,392 - iteration - WARNING - Target sequence A0A009HAP6
2025-03-06 02:14:20,392 - iteration - WARNING - Target sequence A0A010NUX5
2025-03-06 02:14:20,392 - iteration - WARNING - Target sequence A0A010PQS1
2025-03-06 02:14:20,392 - iteration - WARNING - Target sequence A0A009KMU6
2025-03-06 02:14:20,392 - iteration - WARNING - Target sequence A0A010NMT2
2025-03-06 02:14:20,392 - iteration - WARNING - Target sequence A0A011UKF1
2025-03-06 02:14:20,392 - iteration - WARNING - Target sequence A0A011V173
2025-03-06 02:14:20,392 - iteration - WARNING - Target sequence A0A009LT87
2025-03-06 02:14:20,392 - iteration - WARNING - Target sequence A0A009GK18
2025-03-06 02:14:20,392 - iteration - WARNING - Target sequence A0A009H4I3
2025-03-06 02:14:20,392 - iteration - WARNING - Target sequence A0A009KQ95
2025-03-06 02:14:20,392 - iteration - WARNING - Target sequence A0A010Q9V0
2025-03-06 02:14:20,392 - iteration - WARNING - Target sequence A0A013SVP1
2025-03-06 02:14:20,392 - iteration - WARNING - Target sequence A0A009KUG1
2025-03-06 02:14:20,392 - iteration - WARNING - Target sequence A0A009LTG7
2025-03-06 02:14:20,392 - iteration - WARNING - Target sequence A0A009LJ78
2025-03-06 02:14:20,392 - iteration - WARNING - Target sequence A0A009HAP4
2025-03-06 02:14:20,392 - iteration - WARNING - Target sequence A0A013RKV2
2025-03-06 02:14:20,392 - iteration - WARNING - Target sequence A0A013RT79
2025-03-06 02:14:20,392 - iteration - WARNING - Target sequence A0A013RJR1
2025-03-06 02:14:20,392 - iteration - WARNING - Target sequence A0A009LNG9
2025-03-06 02:14:20,392 - iteration - WARNING - Target sequence A0A009H7F7
2025-03-06 02:14:20,392 - iteration - WARNING - Target sequence A0A010QAW5
2025-03-06 02:14:20,392 - iteration - WARNING - Target sequence A0A009GW11
2025-03-06 02:14:20,392 - iteration - WARNING - Target sequence A0A009F520
2025-03-06 02:14:20,392 - iteration - WARNING - Target sequence A0A013S3U9
2025-03-06 02:14:20,392 - iteration - WARNING - Target sequence A0A009F4I1
2025-03-06 02:14:20,392 - iteration - WARNING - Target sequence A0A009EUK9
2025-03-06 02:14:20,392 - iteration - WARNING - Target sequence A0A011UJX8
2025-03-06 02:14:20,392 - iteration - WARNING - Target sequence A0A009GSV2
2025-03-06 02:14:20,392 - iteration - WARNING - Target sequence A0A010YC37
2025-03-06 02:14:20,392 - iteration - WARNING - Target sequence A0A013T6J1
2025-03-06 02:14:20,392 - iteration - WARNING - Target sequence A0A010NWZ2
2025-03-06 02:14:20,392 - iteration - WARNING - Target sequence A0A009KTR3
2025-03-06 02:14:20,392 - iteration - WARNING - Target sequence A0A011TSX6
2025-03-06 02:14:20,393 - iteration - WARNING - Target sequence A0A013RRV0
2025-03-06 02:14:20,393 - iteration - WARNING - Target sequence A0A009LQ14
2025-03-06 02:14:20,393 - iteration - WARNING - Target sequence A0A009H4D1
2025-03-06 02:14:20,393 - iteration - WARNING - Target sequence A0A009GYA9
2025-03-06 02:14:20,393 - iteration - WARNING - Target sequence A0A009LNF0
2025-03-06 02:14:20,393 - iteration - WARNING - Target sequence A0A013SVL4
2025-03-06 02:14:20,393 - iteration - WARNING - Target sequence A0A010NXI6
2025-03-06 02:14:20,393 - iteration - WARNING - Target sequence A0A009LVY3
2025-03-06 02:14:20,393 - iteration - WARNING - Target sequence A0A010NVY1
2025-03-06 02:14:20,393 - iteration - WARNING - Target sequence A0A013TQH9
2025-03-06 02:14:20,393 - iteration - WARNING - Target sequence A0A013RNJ5
2025-03-06 02:14:20,393 - iteration - WARNING - Target sequence A0A011T997
2025-03-06 02:14:20,393 - iteration - WARNING - Target sequence A0A009FQF1
2025-03-06 02:14:20,393 - iteration - WARNING - Target sequence A0A010PTT8
2025-03-06 02:14:20,393 - iteration - WARNING - Target sequence A0A009ED54
2025-03-06 02:14:20,393 - iteration - WARNING - Target sequence A0A009FEQ1
2025-03-06 02:14:20,393 - iteration - WARNING - Target sequence A0A010QA64
2025-03-06 02:14:20,393 - iteration - WARNING - Target sequence A0A010PK69
2025-03-06 02:14:20,393 - iteration - WARNING - Target sequence A0A013TQJ3
2025-03-06 02:14:20,393 - iteration - WARNING - Target sequence A0A009FP49
2025-03-06 02:14:20,393 - iteration - WARNING - Target sequence A0A009KTF4
2025-03-06 02:14:20,393 - iteration - WARNING - Target sequence A0A009KQI3
2025-03-06 02:14:20,393 - iteration - WARNING - Target sequence A0A009GAA2
2025-03-06 02:14:20,393 - iteration - WARNING - Target sequence A0A009G0Z0
2025-03-06 02:14:20,393 - iteration - WARNING - Target sequence A0A009GK22
2025-03-06 02:14:20,393 - iteration - WARNING - Target sequence A0A009GZP4
2025-03-06 02:14:20,393 - iteration - WARNING - Target sequence A0A009F2M5
2025-03-06 02:14:20,393 - iteration - WARNING - Target sequence A0A009FYT6
2025-03-06 02:14:20,393 - iteration - WARNING - Target sequence A0A010PKY3
2025-03-06 02:14:20,393 - iteration - WARNING - Target sequence A0A009H7F2
2025-03-06 02:14:20,393 - iteration - WARNING - Target sequence A0A013RRS9
2025-03-06 02:14:20,393 - iteration - WARNING - Target sequence A0A013RNY0
2025-03-06 02:14:20,393 - iteration - WARNING - Target sequence A0A009F6A5
2025-03-06 02:14:20,393 - iteration - WARNING - Target sequence A0A009FZE1
2025-03-06 02:14:20,393 - iteration - WARNING - Target sequence A0A009KNF0
2025-03-06 02:14:20,393 - iteration - WARNING - Target sequence A0A009KKU1
2025-03-06 02:14:20,393 - iteration - WARNING - Target sequence A0A013RLD9
2025-03-06 02:14:20,393 - iteration - WARNING - Target sequence A0A013SWL8
2025-03-06 02:14:20,393 - iteration - WARNING - Target sequence A0A009GC00
2025-03-06 02:14:20,393 - iteration - WARNING - Target sequence A0A011UQL8
2025-03-06 02:14:20,393 - iteration - WARNING - Target sequence A0A011TVG8
2025-03-06 02:14:20,393 - iteration - WARNING - Target sequence A0A009KNX3
2025-03-06 02:14:20,393 - iteration - WARNING - Target sequence A0A013SU08
2025-03-06 02:14:20,393 - iteration - WARNING - Target sequence A0A009LBL9
2025-03-06 02:14:20,393 - iteration - WARNING - Target sequence A0A009KSD8
2025-03-06 02:14:20,393 - iteration - WARNING - Target sequence A0A009H3J5
2025-03-06 02:14:20,393 - iteration - WARNING - Target sequence A0A009LKV4
2025-03-06 02:14:20,393 - iteration - WARNING - Target sequence A0A009FZ33
2025-03-06 02:14:20,394 - iteration - WARNING - Target sequence A0A009KVX2
2025-03-06 02:14:20,394 - iteration - WARNING - Target sequence A0A011UMT2
2025-03-06 02:14:20,394 - iteration - WARNING - Target sequence A0A010NM98
2025-03-06 02:14:20,394 - iteration - WARNING - Target sequence A0A013S140
2025-03-06 02:14:20,394 - iteration - WARNING - Target sequence A0A009L5C9
2025-03-06 02:14:20,394 - iteration - WARNING - Target sequence A0A011TD21
2025-03-06 02:14:20,394 - iteration - WARNING - Target sequence A0A009KSI6
2025-03-06 02:14:20,394 - iteration - WARNING - Target sequence A0A009FMG2
2025-03-06 02:14:20,394 - iteration - WARNING - Target sequence A0A009ESG1
2025-03-06 02:14:20,394 - iteration - WARNING - Target sequence A0A009EX08
2025-03-06 02:14:20,394 - iteration - WARNING - Target sequence A0A009LV50
2025-03-06 02:14:20,394 - iteration - WARNING - Target sequence A0A009GW61
2025-03-06 02:14:20,394 - iteration - WARNING - Target sequence A0A009LN46
2025-03-06 02:14:20,394 - iteration - WARNING - Target sequence A0A010QA11
2025-03-06 02:14:20,394 - iteration - WARNING - Target sequence A0A009GSM3
2025-03-06 02:14:20,394 - iteration - WARNING - Target sequence A0A009LW41
2025-03-06 02:14:20,394 - iteration - WARNING - Target sequence A0A011UYR8
2025-03-06 02:14:20,394 - iteration - WARNING - Target sequence A0A009EX72
2025-03-06 02:14:20,394 - iteration - WARNING - Target sequence A0A009FXI8
2025-03-06 02:14:20,394 - iteration - WARNING - Target sequence A0A009FN67
2025-03-06 02:14:20,394 - iteration - WARNING - Target sequence A0A009GWS8
2025-03-06 02:14:20,394 - iteration - WARNING - Target sequence A0A009FUP9
2025-03-06 02:14:20,394 - iteration - WARNING - Target sequence A0A009L8Y5
2025-03-06 02:14:20,394 - iteration - WARNING - Target sequence A0A013T6K3
2025-03-06 02:14:20,394 - iteration - WARNING - Target sequence A0A010NTT2
2025-03-06 02:14:20,394 - iteration - WARNING - Target sequence A0A009H4C6
2025-03-06 02:14:20,394 - iteration - WARNING - Target sequence A0A010PK47
2025-03-06 02:14:20,394 - iteration - WARNING - Target sequence A0A013RVD4
2025-03-06 02:14:20,394 - iteration - WARNING - Target sequence A0A009GR95
2025-03-06 02:14:20,394 - iteration - WARNING - Target sequence A0A010Q9X9
2025-03-06 02:14:20,394 - iteration - WARNING - Target sequence A0A013SYL4
2025-03-06 02:14:20,394 - iteration - WARNING - Target sequence A0A009FYS5
2025-03-06 02:14:20,394 - iteration - WARNING - Target sequence A0A013RVD9
2025-03-06 02:14:20,394 - iteration - WARNING - Target sequence A0A009H0R3
2025-03-06 02:14:20,394 - iteration - WARNING - Target sequence A0A009FMK3
2025-03-06 02:14:20,394 - iteration - WARNING - Target sequence A0A009LP58
2025-03-06 02:14:20,394 - iteration - WARNING - Target sequence A0A009LPE3
2025-03-06 02:14:20,394 - iteration - WARNING - Target sequence A0A009L475
2025-03-06 02:14:20,394 - iteration - WARNING - Target sequence A0A009GEU9
2025-03-06 02:14:20,394 - iteration - WARNING - Target sequence A0A010PQW7
2025-03-06 02:14:20,394 - iteration - WARNING - Target sequence A0A010NV04
2025-03-06 02:14:20,394 - iteration - WARNING - Target sequence A0A009LJR5
2025-03-06 02:14:20,394 - iteration - WARNING - Target sequence A0A009L8Y1
2025-03-06 02:14:20,405 - iteration - INFO - Done All mapping done. Table saved to mapping.csv
2025-03-06 02:14:20,405 - iteration - INFO - Done Mapping 
2025-03-06 02:14:20,408 - iteration - INFO - Download assemblies and extract flanking genes
2025-03-06 02:14:21,937 - iteration - INFO - Done Download assemblies and extract flanking genes
2025-03-06 02:14:21,938 - iteration - WARNING - Partial genomic blocks for 115 target sequences excluded. Set --exclude-partial False to include.
2025-03-06 02:14:21,938 - iteration - WARNING - For target A0A011SKU5: Partial genomic block for WP_036287875.1 excluded!
2025-03-06 02:14:21,938 - iteration - WARNING - For target A0A011TYR5: Partial genomic block for WP_036289726.1 excluded!
2025-03-06 02:14:21,938 - iteration - WARNING - For target A0A011NP77: Partial genomic block for EXI77106.1 excluded!
2025-03-06 02:14:21,938 - iteration - WARNING - For target A0A011NUX3: Partial genomic block for EXI86478.1 excluded!
2025-03-06 02:14:21,938 - iteration - WARNING - For target A0A011NX08: Partial genomic block for EXI87243.1 excluded!
2025-03-06 02:14:21,938 - iteration - WARNING - For target A0A011MNR5: Partial genomic block for EXI64181.1 excluded!
2025-03-06 02:14:21,938 - iteration - WARNING - For target A0A011MRA8: Partial genomic block for EXI72708.1 excluded!
2025-03-06 02:14:21,938 - iteration - WARNING - For target A0A011QPG3: Partial genomic block for EXI91192.1 excluded!
2025-03-06 02:14:21,938 - iteration - WARNING - For target A0A011QQ64: Partial genomic block for EXI80994.1 excluded!
2025-03-06 02:14:21,938 - iteration - WARNING - For target A0A011QSN6: Partial genomic block for EXI92322.1 excluded!
2025-03-06 02:14:21,938 - iteration - WARNING - For target A0A011QFX9: Partial genomic block for EXI77729.1 excluded!
2025-03-06 02:14:21,938 - iteration - WARNING - For target A0A011PAC3: Partial genomic block for EXI84546.1 excluded!
2025-03-06 02:14:21,938 - iteration - WARNING - For target A0A011PDM0: Partial genomic block for EXI85691.1 excluded!
2025-03-06 02:14:21,938 - iteration - WARNING - For target A0A011PU26: Partial genomic block for EXI80340.1 excluded!
2025-03-06 02:14:21,938 - iteration - WARNING - For target A0A009GMH1: Partial genomic block for WP_032049199.1 excluded!
2025-03-06 02:14:21,938 - iteration - WARNING - For target A0A011PJL8: Partial genomic block for EXI77262.1 excluded!
2025-03-06 02:14:21,938 - iteration - WARNING - For target A0A011PJS2: Partial genomic block for EXI77095.1 excluded!
2025-03-06 02:14:21,938 - iteration - WARNING - For target A0A011PKM3: Partial genomic block for EXI77375.1 excluded!
2025-03-06 02:14:21,938 - iteration - WARNING - For target A0A011PRJ7: Partial genomic block for EXI79642.1 excluded!
2025-03-06 02:14:21,938 - iteration - WARNING - For target A0A011PRX9: Partial genomic block for EXI90171.1 excluded!
2025-03-06 02:14:21,938 - iteration - WARNING - For target A0A011PNR0: Partial genomic block for EXI78495.1 excluded!
2025-03-06 02:14:21,938 - iteration - WARNING - For target A0A011PWH1: Partial genomic block for EXI81367.1 excluded!
2025-03-06 02:14:21,938 - iteration - WARNING - For target A0A011Q1P6: Partial genomic block for EXI83080.1 excluded!
2025-03-06 02:14:21,938 - iteration - WARNING - For target A0A011Q3W0: Partial genomic block for EXI73269.1 excluded!
2025-03-06 02:14:21,938 - iteration - WARNING - For target A0A011Q5W1: Partial genomic block for EXI84540.1 excluded!
2025-03-06 02:14:21,938 - iteration - WARNING - For target A0A011Q7D7: Partial genomic block for WP_051503750.1 excluded!
2025-03-06 02:14:21,938 - iteration - WARNING - For target A0A011Q9X2: Partial genomic block for EXI86047.1 excluded!
2025-03-06 02:14:21,938 - iteration - WARNING - For target A0A011QAG1: Partial genomic block for EXI86095.1 excluded!
2025-03-06 02:14:21,938 - iteration - WARNING - For target A0A011N348: Partial genomic block for EXI76943.1 excluded!
2025-03-06 02:14:21,938 - iteration - WARNING - For target A0A011N671: Partial genomic block for EXI78103.1 excluded!
2025-03-06 02:14:21,939 - iteration - WARNING - For target A0A011N8H6: Partial genomic block for EXI78883.1 excluded!
2025-03-06 02:14:21,939 - iteration - WARNING - For target A0A011R0A2: Partial genomic block for EXI84554.1 excluded!
2025-03-06 02:14:21,939 - iteration - WARNING - For target A0A011TAN5: Partial genomic block for WP_036284907.1 excluded!
2025-03-06 02:14:21,939 - iteration - WARNING - For target A0A011TB77: Partial genomic block for WP_036284429.1 excluded!
2025-03-06 02:14:21,939 - iteration - WARNING - For target A0A011TX81: Partial genomic block for WP_036290938.1 excluded!
2025-03-06 02:14:21,939 - iteration - WARNING - For target A0A011RKL7: Partial genomic block for EXJ22353.1 excluded!
2025-03-06 02:14:21,939 - iteration - WARNING - For target A0A011UU88: Partial genomic block for WP_036287805.1 excluded!
2025-03-06 02:14:21,939 - iteration - WARNING - For target A0A011UUC4: Partial genomic block for WP_036287722.1 excluded!
2025-03-06 02:14:21,939 - iteration - WARNING - For target A0A011UIE8: Partial genomic block for WP_035027380.1 excluded!
2025-03-06 02:14:21,939 - iteration - WARNING - For target A0A011U0Z1: Partial genomic block for WP_051498813.1 excluded!
2025-03-06 02:14:21,939 - iteration - WARNING - For target A0A013S7B9: Partial genomic block for WP_032037393.1 excluded!
2025-03-06 02:14:21,939 - iteration - WARNING - For target A0A013SH82: Partial genomic block for WP_005076147.1 excluded!
2025-03-06 02:14:21,939 - iteration - WARNING - For target A0A011WSP8: Partial genomic block for WP_024856274.1 excluded!
2025-03-06 02:14:21,939 - iteration - WARNING - For target A0A009RWL2: Partial genomic block for WP_000992299.1 excluded!
2025-03-06 02:14:21,939 - iteration - WARNING - For target A0A009RX51: Partial genomic block for WP_000134358.1 excluded!
2025-03-06 02:14:21,939 - iteration - WARNING - For target A0A009S6E1: Partial genomic block for EXC42042.1 excluded!
2025-03-06 02:14:21,939 - iteration - WARNING - For target A0A009S7F6: Partial genomic block for WP_032069475.1 excluded!
2025-03-06 02:14:21,939 - iteration - WARNING - For target A0A009S7Y0: Partial genomic block for EXC38075.1 excluded!
2025-03-06 02:14:21,939 - iteration - WARNING - For target A0A009Z7T9: Partial genomic block for EXD32608.1 excluded!
2025-03-06 02:14:21,939 - iteration - WARNING - For target A0A013T110: Partial genomic block for WP_032037392.1 excluded!
2025-03-06 02:14:21,939 - iteration - WARNING - For target A0A009PJS3: Partial genomic block for WP_032059016.1 excluded!
2025-03-06 02:14:21,939 - iteration - WARNING - For target A0A009PMR3: Partial genomic block for WP_000462920.1 excluded!
2025-03-06 02:14:21,939 - iteration - WARNING - For target A0A009PQL8: Partial genomic block for WP_005066662.1 excluded!
2025-03-06 02:14:21,939 - iteration - WARNING - For target A0A009P820: Partial genomic block for WP_032060169.1 excluded!
2025-03-06 02:14:21,939 - iteration - WARNING - For target A0A009MK40: Partial genomic block for EXB77491.1 excluded!
2025-03-06 02:14:21,939 - iteration - WARNING - For target A0A009MDT4: Partial genomic block for WP_002121736.1 excluded!
2025-03-06 02:14:21,939 - iteration - WARNING - For target A0A009IKA9: Partial genomic block for EXB04208.1 excluded!
2025-03-06 02:14:21,939 - iteration - WARNING - For target A0A009RDY6: Partial genomic block for WP_002119196.1 excluded!
2025-03-06 02:14:21,939 - iteration - WARNING - For target A0A009I2Y3: Partial genomic block for WP_008942232.1 excluded!
2025-03-06 02:14:21,939 - iteration - WARNING - For target A0A009I3H9: Partial genomic block for WP_032051321.1 excluded!
2025-03-06 02:14:21,939 - iteration - WARNING - For target A0A011WNS5: Partial genomic block for WP_024856435.1 excluded!
2025-03-06 02:14:21,939 - iteration - WARNING - For target A0A011V5H3: Partial genomic block for WP_035029402.1 excluded!
2025-03-06 02:14:21,939 - iteration - WARNING - For target A0A009MVR3: Partial genomic block for WP_002121792.1 excluded!
2025-03-06 02:14:21,939 - iteration - WARNING - For target A0A009N7B6: Partial genomic block for WP_019767826.1 excluded!
2025-03-06 02:14:21,939 - iteration - WARNING - For target A0A009QN60: Partial genomic block for WP_032057683.1 excluded!
2025-03-06 02:14:21,939 - iteration - WARNING - For target A0A009QQS9: Partial genomic block for WP_017398629.1 excluded!
2025-03-06 02:14:21,939 - iteration - WARNING - For target A0A009SF09: Partial genomic block for WP_032068019.1 excluded!
2025-03-06 02:14:21,939 - iteration - WARNING - For target A0A009SSQ9: Partial genomic block for WP_032069078.1 excluded!
2025-03-06 02:14:21,939 - iteration - WARNING - For target A0A009SUI4: Partial genomic block for EXC45832.1 excluded!
2025-03-06 02:14:21,939 - iteration - WARNING - For target A0A009RSF8: Partial genomic block for WP_032062316.1 excluded!
2025-03-06 02:14:21,939 - iteration - WARNING - For target A0A009RTG1: Partial genomic block for WP_002121792.1 excluded!
2025-03-06 02:14:21,939 - iteration - WARNING - For target A0A009GYJ2: Partial genomic block for EXA95694.1 excluded!
2025-03-06 02:14:21,939 - iteration - WARNING - For target A0A009HAR6: Partial genomic block for EXA95510.1 excluded!
2025-03-06 02:14:21,939 - iteration - WARNING - For target A0A009HCZ0: Partial genomic block for EXA96330.1 excluded!
2025-03-06 02:14:21,939 - iteration - WARNING - For target A0A009IKF3: Partial genomic block for WP_000703840.1 excluded!
2025-03-06 02:14:21,940 - iteration - WARNING - For target A0A009IPQ6: Partial genomic block for EXB05788.1 excluded!
2025-03-06 02:14:21,940 - iteration - WARNING - For target A0A009QS46: Partial genomic block for EXC19955.1 excluded!
2025-03-06 02:14:21,940 - iteration - WARNING - For target A0A009QYJ8: Partial genomic block for EXC16834.1 excluded!
2025-03-06 02:14:21,940 - iteration - WARNING - For target A0A009R9K3: Partial genomic block for WP_032063156.1 excluded!
2025-03-06 02:14:21,940 - iteration - WARNING - For target A0A009Q739: Partial genomic block for EXC19588.1 excluded!
2025-03-06 02:14:21,940 - iteration - WARNING - For target A0A009Q7L9: Partial genomic block for WP_032059768.1 excluded!
2025-03-06 02:14:21,940 - iteration - WARNING - For target A0A009IGF5: Partial genomic block for WP_032051788.1 excluded!
2025-03-06 02:14:21,940 - iteration - WARNING - For target A0A009IGN3: Partial genomic block for WP_032051755.1 excluded!
2025-03-06 02:14:21,940 - iteration - WARNING - For target A0A010JTQ4: Partial genomic block for WP_002121736.1 excluded!
2025-03-06 02:14:21,940 - iteration - WARNING - For target A0A009QC12: Partial genomic block for EXC04157.1 excluded!
2025-03-06 02:14:21,940 - iteration - WARNING - For target A0A009QCA0: Partial genomic block for EXC04282.1 excluded!
2025-03-06 02:14:21,940 - iteration - WARNING - For target A0A009QEJ0: Partial genomic block for EXC22408.1 excluded!
2025-03-06 02:14:21,940 - iteration - WARNING - For target A0A009QEW9: Partial genomic block for WP_002124449.1 excluded!
2025-03-06 02:14:21,940 - iteration - WARNING - For target A0A009HMQ2: Partial genomic block for WP_032049200.1 excluded!
2025-03-06 02:14:21,940 - iteration - WARNING - For target A0A009HPS2: Partial genomic block for WP_002121736.1 excluded!
2025-03-06 02:14:21,940 - iteration - WARNING - For target A0A011UEQ6: Partial genomic block for WP_024858164.1 excluded!
2025-03-06 02:14:21,940 - iteration - WARNING - For target A0A010SI17: Partial genomic block for WP_024265249.1 excluded!
2025-03-06 02:14:21,940 - iteration - WARNING - For target A0A009SKG9: Partial genomic block for EXC42463.1 excluded!
2025-03-06 02:14:21,940 - iteration - WARNING - For target A0A009HQK8: Partial genomic block for WP_000992299.1 excluded!
2025-03-06 02:14:21,940 - iteration - WARNING - For target A0A009HR94: Partial genomic block for EXA94748.1 excluded!
2025-03-06 02:14:21,940 - iteration - WARNING - For target A0A009HRR3: Partial genomic block for WP_032025903.1 excluded!
2025-03-06 02:14:21,940 - iteration - WARNING - For target A0A009HGV8: Partial genomic block for EXB03442.1 excluded!
2025-03-06 02:14:21,940 - iteration - WARNING - For target A0A009GN44: Partial genomic block for EXA93226.1 excluded!
2025-03-06 02:14:21,940 - iteration - WARNING - For target A0A009GSC9: Partial genomic block for WP_002123634.1 excluded!
2025-03-06 02:14:21,940 - iteration - WARNING - For target A0A009GU99: Partial genomic block for WP_002121792.1 excluded!
2025-03-06 02:14:21,940 - iteration - WARNING - For target A0A011V5G7: Partial genomic block for WP_009451521.1 excluded!
2025-03-06 02:14:21,940 - iteration - WARNING - For target A0A010IZQ6: Partial genomic block for WP_002121792.1 excluded!
2025-03-06 02:14:21,940 - iteration - WARNING - For target A0A009ZEG7: Partial genomic block for EXD30912.1 excluded!
2025-03-06 02:14:21,940 - iteration - WARNING - For target A0A009ZKI1: Partial genomic block for WP_034698513.1 excluded!
2025-03-06 02:14:21,940 - iteration - WARNING - For target A0A009ZKR4: Partial genomic block for WP_004994577.1 excluded!
2025-03-06 02:14:21,940 - iteration - WARNING - For target A0A009ZMR7: Partial genomic block for WP_004997408.1 excluded!
2025-03-06 02:14:21,940 - iteration - WARNING - For target A0A009YYL6: Partial genomic block for WP_034700746.1 excluded!
2025-03-06 02:14:21,940 - iteration - WARNING - For target A0A009TIC8: Partial genomic block for EXC51142.1 excluded!
2025-03-06 02:14:21,940 - iteration - WARNING - For target A0A009Y950: Partial genomic block for WP_004995933.1 excluded!
2025-03-06 02:14:21,940 - iteration - WARNING - For target A0A009Y959: Partial genomic block for WP_004999122.1 excluded!
2025-03-06 02:14:21,940 - iteration - WARNING - For target A0A009Y9W4: Partial genomic block for EXD31109.1 excluded!
2025-03-06 02:14:21,940 - iteration - WARNING - For target A0A009YHA9: Partial genomic block for WP_034699452.1 excluded!
2025-03-06 02:14:21,940 - iteration - WARNING - For target A0A010THY0: Partial genomic block for WP_019693480.1 excluded!
2025-03-06 02:14:21,940 - iteration - WARNING - For target A0A010ZNM4: Partial genomic block for WP_034442269.1 excluded!
2025-03-06 02:14:21,940 - iteration - WARNING - For target A0A011M4C1: Partial genomic block for EXI64438.1 excluded!
2025-03-06 02:14:21,941 - iteration - WARNING - No flanking genes found for 21 target sequences.
2025-03-06 02:14:21,941 - iteration - WARNING - For target A0A010ZU25: No assembly info found in databse
2025-03-06 02:14:21,941 - iteration - WARNING - For target A0A011MK27: No assembly info found in databse
2025-03-06 02:14:21,941 - iteration - WARNING - For target A0A011VUV9: No assembly info found in databse
2025-03-06 02:14:21,941 - iteration - WARNING - For target A0A011TDD7: No assembly info found in databse
2025-03-06 02:14:21,941 - iteration - WARNING - For target A0A011T4K2: No assembly info found in databse
2025-03-06 02:14:21,941 - iteration - WARNING - For target A0A011UZW3: No assembly info found in databse
2025-03-06 02:14:21,941 - iteration - WARNING - For target A0A009ME94: No assembly info found in databse
2025-03-06 02:14:21,941 - iteration - WARNING - For target A0A010QAF6: No assembly info found in databse
2025-03-06 02:14:21,941 - iteration - WARNING - For target A0A010QHU2: No assembly info found in databse
2025-03-06 02:14:21,941 - iteration - WARNING - For target A0A010QUI2: No assembly info found in databse
2025-03-06 02:14:21,941 - iteration - WARNING - For target A0A010RC54: No assembly info found in databse
2025-03-06 02:14:21,941 - iteration - WARNING - For target A0A010RD06: No assembly info found in databse
2025-03-06 02:14:21,941 - iteration - WARNING - For target A0A010RKF0: No assembly info found in databse
2025-03-06 02:14:21,941 - iteration - WARNING - For target A0A010RMB8: No assembly info found in databse
2025-03-06 02:14:21,941 - iteration - WARNING - For target A0A010QXQ4: No assembly info found in databse
2025-03-06 02:14:21,941 - iteration - WARNING - For target A0A010SNV0: No assembly info found in databse
2025-03-06 02:14:21,941 - iteration - WARNING - For target A0A010S1X6: No assembly info found in databse
2025-03-06 02:14:21,941 - iteration - WARNING - For target A0A010S3M4: No assembly info found in databse
2025-03-06 02:14:21,941 - iteration - WARNING - For target A0A010SCN3: No assembly info found in databse
2025-03-06 02:14:21,941 - iteration - WARNING - For target A0A010SDZ9: No assembly info found in databse
2025-03-06 02:14:21,941 - iteration - WARNING - For target A0A010SIE9: No assembly info found in databse
2025-03-06 02:14:21,942 - iteration - INFO - Add sequences, tax id and species name to flanking genes
2025-03-06 02:14:22,412 - iteration - INFO - Done Add sequences, tax id and species name to flanking genes
2025-03-06 02:14:22,502 - iteration - INFO - Done Syntenies information written to genomic_context_information.json
2025-03-06 02:14:22,504 - iteration - INFO - Prepare data for MMseqs
2025-03-06 02:14:22,535 - iteration - INFO - Done Prepare data for MMseqs
2025-03-06 02:14:22,536 - iteration - INFO - Running MMseqs
2025-03-06 02:15:09,581 - iteration - INFO - Done Running MMseqs
2025-03-06 02:15:09,581 - iteration - INFO - Extracting distance matrix
2025-03-06 02:15:09,644 - iteration - INFO - Done Extracting distance matrix
2025-03-06 02:15:09,644 - iteration - INFO - Find clusters
2025-03-06 02:15:09,941 - iteration - INFO - Done Find clusters
2025-03-06 02:15:09,942 - iteration - INFO - Assigning families to flanking genes
2025-03-06 02:15:10,660 - iteration - INFO - Done Assigning families to flanking genes
2025-03-06 02:15:10,663 - iteration - INFO - Create families summary
2025-03-06 02:15:10,745 - iteration - INFO - Done Create families summary
2025-03-06 02:15:10,745 - iteration - INFO - Found 724 conserved protein families, 89 pseudogenes and 2747 non-conserved protein coding regions
2025-03-06 02:15:10,751 - iteration - INFO - Functional annotation needs mapping first
2025-03-06 02:15:10,751 - iteration - INFO - Mapping for functional annotation
2025-03-06 02:15:12,055 - iteration - WARNING - 379 ids is not containd in mapping database.
2025-03-06 02:15:12,055 - iteration - WARNING - Target sequence WP_019692636.1
2025-03-06 02:15:12,055 - iteration - WARNING - Target sequence WP_032037121.1
2025-03-06 02:15:12,055 - iteration - WARNING - Target sequence WP_272275406.1
2025-03-06 02:15:12,055 - iteration - WARNING - Target sequence WP_000064601.1
2025-03-06 02:15:12,055 - iteration - WARNING - Target sequence WP_032006469.1
2025-03-06 02:15:12,055 - iteration - WARNING - Target sequence WP_294482345.1
2025-03-06 02:15:12,055 - iteration - WARNING - Target sequence WP_032495426.1
2025-03-06 02:15:12,055 - iteration - WARNING - Target sequence WP_104159615.1
2025-03-06 02:15:12,055 - iteration - WARNING - Target sequence WP_227520627.1
2025-03-06 02:15:12,055 - iteration - WARNING - Target sequence WP_014538385.1-14
2025-03-06 02:15:12,055 - iteration - WARNING - Target sequence WP_002045996.1
2025-03-06 02:15:12,055 - iteration - WARNING - Target sequence EXC04293.1
2025-03-06 02:15:12,055 - iteration - WARNING - Target sequence WP_041172579.1
2025-03-06 02:15:12,055 - iteration - WARNING - Target sequence WP_081403534.1
2025-03-06 02:15:12,055 - iteration - WARNING - Target sequence WP_001285126.1
2025-03-06 02:15:12,055 - iteration - WARNING - Target sequence WP_080776812.1
2025-03-06 02:15:12,055 - iteration - WARNING - Target sequence WP_087400176.1
2025-03-06 02:15:12,055 - iteration - WARNING - Target sequence WP_042803899.1
2025-03-06 02:15:12,055 - iteration - WARNING - Target sequence WP_004745949.1
2025-03-06 02:15:12,055 - iteration - WARNING - Target sequence WP_024856196.1
2025-03-06 02:15:12,055 - iteration - WARNING - Target sequence WP_000366421.1
2025-03-06 02:15:12,055 - iteration - WARNING - Target sequence WP_014206140.1
2025-03-06 02:15:12,055 - iteration - WARNING - Target sequence WP_153565912.1
2025-03-06 02:15:12,055 - iteration - WARNING - Target sequence WP_031977938.1
2025-03-06 02:15:12,056 - iteration - WARNING - Target sequence WP_080678284.1
2025-03-06 02:15:12,056 - iteration - WARNING - Target sequence WP_069035697.1
2025-03-06 02:15:12,056 - iteration - WARNING - Target sequence WP_031977946.1
2025-03-06 02:15:12,056 - iteration - WARNING - Target sequence WP_278555412.1
2025-03-06 02:15:12,056 - iteration - WARNING - Target sequence WP_024857938.1
2025-03-06 02:15:12,056 - iteration - WARNING - Target sequence WP_017400456.1
2025-03-06 02:15:12,056 - iteration - WARNING - Target sequence WP_005135681.1
2025-03-06 02:15:12,056 - iteration - WARNING - Target sequence WP_000775808.1
2025-03-06 02:15:12,056 - iteration - WARNING - Target sequence WP_051506458.1
2025-03-06 02:15:12,056 - iteration - WARNING - Target sequence WP_169745029.1
2025-03-06 02:15:12,056 - iteration - WARNING - Target sequence WP_032035856.1
2025-03-06 02:15:12,056 - iteration - WARNING - Target sequence WP_320123883.1
2025-03-06 02:15:12,056 - iteration - WARNING - Target sequence WP_140992119.1
2025-03-06 02:15:12,056 - iteration - WARNING - Target sequence WP_171063292.1
2025-03-06 02:15:12,056 - iteration - WARNING - Target sequence WP_294482351.1
2025-03-06 02:15:12,056 - iteration - WARNING - Target sequence WP_019689227.1
2025-03-06 02:15:12,056 - iteration - WARNING - Target sequence WP_081403625.1
2025-03-06 02:15:12,056 - iteration - WARNING - Target sequence WP_081311117.1
2025-03-06 02:15:12,056 - iteration - WARNING - Target sequence WP_081035343.1
2025-03-06 02:15:12,056 - iteration - WARNING - Target sequence WP_245264674.1
2025-03-06 02:15:12,056 - iteration - WARNING - Target sequence WP_019689228.1
2025-03-06 02:15:12,056 - iteration - WARNING - Target sequence WP_121191209.1
2025-03-06 02:15:12,056 - iteration - WARNING - Target sequence WP_288119029.1
2025-03-06 02:15:12,056 - iteration - WARNING - Target sequence WP_057093817.1
2025-03-06 02:15:12,056 - iteration - WARNING - Target sequence WP_104795336.1
2025-03-06 02:15:12,056 - iteration - WARNING - Target sequence WP_081037658.1
2025-03-06 02:15:12,056 - iteration - WARNING - Target sequence WP_019689906.1
2025-03-06 02:15:12,056 - iteration - WARNING - Target sequence WP_024856609.1
2025-03-06 02:15:12,056 - iteration - WARNING - Target sequence WP_204947604.1
2025-03-06 02:15:12,056 - iteration - WARNING - Target sequence WP_269496018.1
2025-03-06 02:15:12,056 - iteration - WARNING - Target sequence WP_032005559.1
2025-03-06 02:15:12,056 - iteration - WARNING - Target sequence WP_004992797.1
2025-03-06 02:15:12,056 - iteration - WARNING - Target sequence WP_032006713.1
2025-03-06 02:15:12,056 - iteration - WARNING - Target sequence WP_080691313.1
2025-03-06 02:15:12,056 - iteration - WARNING - Target sequence WP_269495601.1
2025-03-06 02:15:12,056 - iteration - WARNING - Target sequence WP_033848341.1
2025-03-06 02:15:12,056 - iteration - WARNING - Target sequence WP_086250509.1
2025-03-06 02:15:12,056 - iteration - WARNING - Target sequence EXC04294.1
2025-03-06 02:15:12,056 - iteration - WARNING - Target sequence WP_032068297.1
2025-03-06 02:15:12,056 - iteration - WARNING - Target sequence WP_024857222.1
2025-03-06 02:15:12,056 - iteration - WARNING - Target sequence WP_024858051.1
2025-03-06 02:15:12,056 - iteration - WARNING - Target sequence WP_037284121.1
2025-03-06 02:15:12,056 - iteration - WARNING - Target sequence WP_032004080.1
2025-03-06 02:15:12,056 - iteration - WARNING - Target sequence WP_005804528.1
2025-03-06 02:15:12,056 - iteration - WARNING - Target sequence WP_001259410.1
2025-03-06 02:15:12,056 - iteration - WARNING - Target sequence WP_086225790.1
2025-03-06 02:15:12,057 - iteration - WARNING - Target sequence WP_294479908.1
2025-03-06 02:15:12,057 - iteration - WARNING - Target sequence WP_288119040.1
2025-03-06 02:15:12,057 - iteration - WARNING - Target sequence WP_081403561.1
2025-03-06 02:15:12,057 - iteration - WARNING - Target sequence WP_204389267.1
2025-03-06 02:15:12,057 - iteration - WARNING - Target sequence WP_031975225.1
2025-03-06 02:15:12,057 - iteration - WARNING - Target sequence WP_000506950.1
2025-03-06 02:15:12,057 - iteration - WARNING - Target sequence WP_269510049.1
2025-03-06 02:15:12,057 - iteration - WARNING - Target sequence WP_004996326.1
2025-03-06 02:15:12,057 - iteration - WARNING - Target sequence WP_019689904.1
2025-03-06 02:15:12,057 - iteration - WARNING - Target sequence WP_171071509.1
2025-03-06 02:15:12,057 - iteration - WARNING - Target sequence WP_019689905.1
2025-03-06 02:15:12,057 - iteration - WARNING - Target sequence WP_278555413.1
2025-03-06 02:15:12,057 - iteration - WARNING - Target sequence WP_039761356.1
2025-03-06 02:15:12,057 - iteration - WARNING - Target sequence WP_049175990.1
2025-03-06 02:15:12,057 - iteration - WARNING - Target sequence WP_037287287.1
2025-03-06 02:15:12,057 - iteration - WARNING - Target sequence WP_320561596.1
2025-03-06 02:15:12,057 - iteration - WARNING - Target sequence WP_087400172.1
2025-03-06 02:15:12,057 - iteration - WARNING - Target sequence WP_002132154.1
2025-03-06 02:15:12,057 - iteration - WARNING - Target sequence WP_031975501.1
2025-03-06 02:15:12,057 - iteration - WARNING - Target sequence WP_035865532.1
2025-03-06 02:15:12,057 - iteration - WARNING - Target sequence WP_032062640.1
2025-03-06 02:15:12,057 - iteration - WARNING - Target sequence WP_000992311.1
2025-03-06 02:15:12,057 - iteration - WARNING - Target sequence WP_272275534.1
2025-03-06 02:15:12,057 - iteration - WARNING - Target sequence WP_153565982.1
2025-03-06 02:15:12,057 - iteration - WARNING - Target sequence WP_032038729.1
2025-03-06 02:15:12,057 - iteration - WARNING - Target sequence WP_000168342.1
2025-03-06 02:15:12,057 - iteration - WARNING - Target sequence WP_282463375.1
2025-03-06 02:15:12,057 - iteration - WARNING - Target sequence WP_032037522.1
2025-03-06 02:15:12,057 - iteration - WARNING - Target sequence EXC26136.1
2025-03-06 02:15:12,057 - iteration - WARNING - Target sequence WP_278555411.1
2025-03-06 02:15:12,057 - iteration - WARNING - Target sequence EXC07820.1
2025-03-06 02:15:12,057 - iteration - WARNING - Target sequence WP_262467501.1
2025-03-06 02:15:12,057 - iteration - WARNING - Target sequence WP_057093818.1
2025-03-06 02:15:12,057 - iteration - WARNING - Target sequence WP_079381097.1
2025-03-06 02:15:12,057 - iteration - WARNING - Target sequence WP_032043608.1
2025-03-06 02:15:12,057 - iteration - WARNING - Target sequence WP_057066017.1
2025-03-06 02:15:12,057 - iteration - WARNING - Target sequence WP_001290938.1
2025-03-06 02:15:12,057 - iteration - WARNING - Target sequence EXC26134.1
2025-03-06 02:15:12,057 - iteration - WARNING - Target sequence WP_033849721.1
2025-03-06 02:15:12,057 - iteration - WARNING - Target sequence WP_035850081.1
2025-03-06 02:15:12,057 - iteration - WARNING - Target sequence WP_204947602.1
2025-03-06 02:15:12,057 - iteration - WARNING - Target sequence WP_320123856.1
2025-03-06 02:15:12,057 - iteration - WARNING - Target sequence WP_320561594.1
2025-03-06 02:15:12,057 - iteration - WARNING - Target sequence WP_171071235.1
2025-03-06 02:15:12,057 - iteration - WARNING - Target sequence WP_051569897.1
2025-03-06 02:15:12,057 - iteration - WARNING - Target sequence WP_081404568.1
2025-03-06 02:15:12,057 - iteration - WARNING - Target sequence WP_199981002.1
2025-03-06 02:15:12,057 - iteration - WARNING - Target sequence WP_118936331.1
2025-03-06 02:15:12,058 - iteration - WARNING - Target sequence WP_114699271.1
2025-03-06 02:15:12,058 - iteration - WARNING - Target sequence WP_000859904.1
2025-03-06 02:15:12,058 - iteration - WARNING - Target sequence WP_024264657.1-2
2025-03-06 02:15:12,058 - iteration - WARNING - Target sequence WP_017402704.1
2025-03-06 02:15:12,058 - iteration - WARNING - Target sequence WP_262440664.1
2025-03-06 02:15:12,058 - iteration - WARNING - Target sequence WP_080630986.1
2025-03-06 02:15:12,058 - iteration - WARNING - Target sequence WP_032004084.1
2025-03-06 02:15:12,058 - iteration - WARNING - Target sequence WP_037284116.1
2025-03-06 02:15:12,058 - iteration - WARNING - Target sequence WP_096639818.1
2025-03-06 02:15:12,058 - iteration - WARNING - Target sequence WP_151814325.1
2025-03-06 02:15:12,058 - iteration - WARNING - Target sequence WP_171071139.1
2025-03-06 02:15:12,058 - iteration - WARNING - Target sequence WP_032063964.1
2025-03-06 02:15:12,058 - iteration - WARNING - Target sequence WP_078210336.1
2025-03-06 02:15:12,058 - iteration - WARNING - Target sequence WP_051569586.1
2025-03-06 02:15:12,058 - iteration - WARNING - Target sequence WP_288121353.1
2025-03-06 02:15:12,058 - iteration - WARNING - Target sequence WP_151732331.1
2025-03-06 02:15:12,058 - iteration - WARNING - Target sequence WP_019689907.1
2025-03-06 02:15:12,058 - iteration - WARNING - Target sequence WP_032003951.1
2025-03-06 02:15:12,058 - iteration - WARNING - Target sequence WP_032014948.1
2025-03-06 02:15:12,058 - iteration - WARNING - Target sequence WP_000053790.1
2025-03-06 02:15:12,058 - iteration - WARNING - Target sequence WP_151837608.1
2025-03-06 02:15:12,058 - iteration - WARNING - Target sequence WP_269317909.1
2025-03-06 02:15:12,058 - iteration - WARNING - Target sequence WP_104159614.1
2025-03-06 02:15:12,058 - iteration - WARNING - Target sequence WP_057704795.1
2025-03-06 02:15:12,058 - iteration - WARNING - Target sequence WP_001139537.1
2025-03-06 02:15:12,058 - iteration - WARNING - Target sequence WP_081403651.1
2025-03-06 02:15:12,058 - iteration - WARNING - Target sequence EXC06256.1
2025-03-06 02:15:12,058 - iteration - WARNING - Target sequence WP_269510046.1
2025-03-06 02:15:12,058 - iteration - WARNING - Target sequence EXC07822.1
2025-03-06 02:15:12,058 - iteration - WARNING - Target sequence WP_086376523.1
2025-03-06 02:15:12,058 - iteration - WARNING - Target sequence WP_000220307.1
2025-03-06 02:15:12,058 - iteration - WARNING - Target sequence WP_037284108.1
2025-03-06 02:15:12,058 - iteration - WARNING - Target sequence WP_242836194.1
2025-03-06 02:15:12,058 - iteration - WARNING - Target sequence WP_284073548.1
2025-03-06 02:15:12,058 - iteration - WARNING - Target sequence WP_320561595.1
2025-03-06 02:15:12,058 - iteration - WARNING - Target sequence WP_140992188.1
2025-03-06 02:15:12,058 - iteration - WARNING - Target sequence WP_057066221.1
2025-03-06 02:15:12,058 - iteration - WARNING - Target sequence WP_284073551.1
2025-03-06 02:15:12,058 - iteration - WARNING - Target sequence WP_014206653.1
2025-03-06 02:15:12,058 - iteration - WARNING - Target sequence WP_032000220.1
2025-03-06 02:15:12,058 - iteration - WARNING - Target sequence WP_004929145.1
2025-03-06 02:15:12,058 - iteration - WARNING - Target sequence WP_223233740.1
2025-03-06 02:15:12,058 - iteration - WARNING - Target sequence WP_294482348.1
2025-03-06 02:15:12,058 - iteration - WARNING - Target sequence WP_084496392.1
2025-03-06 02:15:12,058 - iteration - WARNING - Target sequence WP_151814324.1
2025-03-06 02:15:12,058 - iteration - WARNING - Target sequence WP_278555427.1
2025-03-06 02:15:12,058 - iteration - WARNING - Target sequence WP_017400455.1
2025-03-06 02:15:12,059 - iteration - WARNING - Target sequence WP_262467500.1
2025-03-06 02:15:12,059 - iteration - WARNING - Target sequence WP_081403554.1
2025-03-06 02:15:12,059 - iteration - WARNING - Target sequence WP_024264896.1
2025-03-06 02:15:12,059 - iteration - WARNING - Target sequence WP_079381132.1
2025-03-06 02:15:12,059 - iteration - WARNING - Target sequence WP_019690459.1
2025-03-06 02:15:12,059 - iteration - WARNING - Target sequence WP_086227658.1
2025-03-06 02:15:12,059 - iteration - WARNING - Target sequence WP_002131963.1
2025-03-06 02:15:12,059 - iteration - WARNING - Target sequence WP_019692972.1
2025-03-06 02:15:12,059 - iteration - WARNING - Target sequence WP_049067826.1
2025-03-06 02:15:12,059 - iteration - WARNING - Target sequence WP_032004085.1
2025-03-06 02:15:12,059 - iteration - WARNING - Target sequence WP_004739836.1
2025-03-06 02:15:12,059 - iteration - WARNING - Target sequence WP_336152182.1
2025-03-06 02:15:12,059 - iteration - WARNING - Target sequence WP_065708250.1
2025-03-06 02:15:12,059 - iteration - WARNING - Target sequence WP_281174689.1
2025-03-06 02:15:12,059 - iteration - WARNING - Target sequence WP_176669721.1
2025-03-06 02:15:12,059 - iteration - WARNING - Target sequence WP_024264708.1-2
2025-03-06 02:15:12,059 - iteration - WARNING - Target sequence WP_204470717.1
2025-03-06 02:15:12,059 - iteration - WARNING - Target sequence WP_176671167.1
2025-03-06 02:15:12,059 - iteration - WARNING - Target sequence WP_069035701.1
2025-03-06 02:15:12,059 - iteration - WARNING - Target sequence WP_049175984.1
2025-03-06 02:15:12,059 - iteration - WARNING - Target sequence WP_155267754.1
2025-03-06 02:15:12,059 - iteration - WARNING - Target sequence WP_037284124.1
2025-03-06 02:15:12,059 - iteration - WARNING - Target sequence WP_049174840.1
2025-03-06 02:15:12,059 - iteration - WARNING - Target sequence WP_207640386.1
2025-03-06 02:15:12,059 - iteration - WARNING - Target sequence WP_049175988.1
2025-03-06 02:15:12,059 - iteration - WARNING - Target sequence EXC06258.1
2025-03-06 02:15:12,059 - iteration - WARNING - Target sequence EXC07823.1
2025-03-06 02:15:12,059 - iteration - WARNING - Target sequence WP_032058513.1
2025-03-06 02:15:12,059 - iteration - WARNING - Target sequence WP_098713163.1
2025-03-06 02:15:12,059 - iteration - WARNING - Target sequence WP_057045545.1
2025-03-06 02:15:12,059 - iteration - WARNING - Target sequence WP_150204948.1
2025-03-06 02:15:12,059 - iteration - WARNING - Target sequence WP_031955962.1
2025-03-06 02:15:12,059 - iteration - WARNING - Target sequence WP_187682495.1
2025-03-06 02:15:12,059 - iteration - WARNING - Target sequence WP_049590811.1
2025-03-06 02:15:12,059 - iteration - WARNING - Target sequence WP_035848035.1
2025-03-06 02:15:12,059 - iteration - WARNING - Target sequence WP_135949558.1
2025-03-06 02:15:12,059 - iteration - WARNING - Target sequence WP_037284113.1
2025-03-06 02:15:12,059 - iteration - WARNING - Target sequence WP_288121326.1
2025-03-06 02:15:12,059 - iteration - WARNING - Target sequence WP_084700441.1
2025-03-06 02:15:12,059 - iteration - WARNING - Target sequence WP_049067831.1
2025-03-06 02:15:12,059 - iteration - WARNING - Target sequence WP_086230966.1
2025-03-06 02:15:12,059 - iteration - WARNING - Target sequence WP_069035712.1
2025-03-06 02:15:12,059 - iteration - WARNING - Target sequence WP_317299772.1
2025-03-06 02:15:12,059 - iteration - WARNING - Target sequence WP_017400454.1
2025-03-06 02:15:12,059 - iteration - WARNING - Target sequence WP_037284110.1
2025-03-06 02:15:12,059 - iteration - WARNING - Target sequence WP_079381138.1
2025-03-06 02:15:12,059 - iteration - WARNING - Target sequence WP_004990210.1
2025-03-06 02:15:12,059 - iteration - WARNING - Target sequence WP_151721395.1
2025-03-06 02:15:12,060 - iteration - WARNING - Target sequence WP_135949559.1
2025-03-06 02:15:12,060 - iteration - WARNING - Target sequence WP_057065979.1
2025-03-06 02:15:12,060 - iteration - WARNING - Target sequence WP_081405225.1
2025-03-06 02:15:12,060 - iteration - WARNING - Target sequence WP_031977933.1
2025-03-06 02:15:12,060 - iteration - WARNING - Target sequence WP_057066222.1
2025-03-06 02:15:12,060 - iteration - WARNING - Target sequence WP_252434623.1
2025-03-06 02:15:12,060 - iteration - WARNING - Target sequence WP_033917412.1
2025-03-06 02:15:12,060 - iteration - WARNING - Target sequence WP_245620458.1
2025-03-06 02:15:12,060 - iteration - WARNING - Target sequence WP_155267718.1
2025-03-06 02:15:12,060 - iteration - WARNING - Target sequence WP_035847828.1
2025-03-06 02:15:12,060 - iteration - WARNING - Target sequence WP_176669723.1
2025-03-06 02:15:12,060 - iteration - WARNING - Target sequence WP_121191207.1
2025-03-06 02:15:12,060 - iteration - WARNING - Target sequence WP_028510887.1
2025-03-06 02:15:12,060 - iteration - WARNING - Target sequence WP_294479152.1
2025-03-06 02:15:12,060 - iteration - WARNING - Target sequence WP_002132267.1
2025-03-06 02:15:12,060 - iteration - WARNING - Target sequence WP_000875355.1
2025-03-06 02:15:12,060 - iteration - WARNING - Target sequence WP_024264657.1-3
2025-03-06 02:15:12,060 - iteration - WARNING - Target sequence WP_032049094.1
2025-03-06 02:15:12,060 - iteration - WARNING - Target sequence WP_288119031.1
2025-03-06 02:15:12,060 - iteration - WARNING - Target sequence WP_081404126.1
2025-03-06 02:15:12,060 - iteration - WARNING - Target sequence WP_078210339.1
2025-03-06 02:15:12,060 - iteration - WARNING - Target sequence WP_002132238.1
2025-03-06 02:15:12,060 - iteration - WARNING - Target sequence WP_002113654.1
2025-03-06 02:15:12,060 - iteration - WARNING - Target sequence WP_155250883.1
2025-03-06 02:15:12,060 - iteration - WARNING - Target sequence WP_001015802.1
2025-03-06 02:15:12,060 - iteration - WARNING - Target sequence WP_081313700.1
2025-03-06 02:15:12,060 - iteration - WARNING - Target sequence WP_086267111.1
2025-03-06 02:15:12,060 - iteration - WARNING - Target sequence WP_104039492.1
2025-03-06 02:15:12,060 - iteration - WARNING - Target sequence WP_057065982.1
2025-03-06 02:15:12,060 - iteration - WARNING - Target sequence WP_100084523.1
2025-03-06 02:15:12,060 - iteration - WARNING - Target sequence WP_032063953.1
2025-03-06 02:15:12,060 - iteration - WARNING - Target sequence WP_032004078.1
2025-03-06 02:15:12,060 - iteration - WARNING - Target sequence WP_019689903.1
2025-03-06 02:15:12,060 - iteration - WARNING - Target sequence WP_080691359.1
2025-03-06 02:15:12,060 - iteration - WARNING - Target sequence WP_024858255.1
2025-03-06 02:15:12,060 - iteration - WARNING - Target sequence WP_081309280.1
2025-03-06 02:15:12,060 - iteration - WARNING - Target sequence WP_032036972.1
2025-03-06 02:15:12,060 - iteration - WARNING - Target sequence WP_188142524.1
2025-03-06 02:15:12,060 - iteration - WARNING - Target sequence WP_242836123.1
2025-03-06 02:15:12,060 - iteration - WARNING - Target sequence WP_031988677.1
2025-03-06 02:15:12,060 - iteration - WARNING - Target sequence WP_171061155.1
2025-03-06 02:15:12,060 - iteration - WARNING - Target sequence WP_019689225.1
2025-03-06 02:15:12,060 - iteration - WARNING - Target sequence WP_294479923.1
2025-03-06 02:15:12,060 - iteration - WARNING - Target sequence WP_081404654.1
2025-03-06 02:15:12,060 - iteration - WARNING - Target sequence WP_024857758.1
2025-03-06 02:15:12,060 - iteration - WARNING - Target sequence WP_049594609.1
2025-03-06 02:15:12,060 - iteration - WARNING - Target sequence WP_057093815.1
2025-03-06 02:15:12,060 - iteration - WARNING - Target sequence WP_079380953.1
2025-03-06 02:15:12,061 - iteration - WARNING - Target sequence WP_049067834.1
2025-03-06 02:15:12,061 - iteration - WARNING - Target sequence WP_051503810.1
2025-03-06 02:15:12,061 - iteration - WARNING - Target sequence WP_037282180.1
2025-03-06 02:15:12,061 - iteration - WARNING - Target sequence WP_187682478.1-2
2025-03-06 02:15:12,061 - iteration - WARNING - Target sequence WP_314429323.1
2025-03-06 02:15:12,061 - iteration - WARNING - Target sequence WP_002045941.1
2025-03-06 02:15:12,061 - iteration - WARNING - Target sequence WP_031957637.1
2025-03-06 02:15:12,061 - iteration - WARNING - Target sequence WP_000677745.1
2025-03-06 02:15:12,061 - iteration - WARNING - Target sequence WP_244295717.1
2025-03-06 02:15:12,061 - iteration - WARNING - Target sequence WP_032004082.1
2025-03-06 02:15:12,061 - iteration - WARNING - Target sequence WP_004747936.1
2025-03-06 02:15:12,061 - iteration - WARNING - Target sequence WP_098713162.1
2025-03-06 02:15:12,061 - iteration - WARNING - Target sequence WP_262440666.1
2025-03-06 02:15:12,061 - iteration - WARNING - Target sequence WP_034300078.1
2025-03-06 02:15:12,061 - iteration - WARNING - Target sequence WP_025464493.1
2025-03-06 02:15:12,061 - iteration - WARNING - Target sequence WP_049068667.1
2025-03-06 02:15:12,061 - iteration - WARNING - Target sequence WP_171071243.1
2025-03-06 02:15:12,061 - iteration - WARNING - Target sequence WP_000902943.1
2025-03-06 02:15:12,061 - iteration - WARNING - Target sequence WP_049067492.1
2025-03-06 02:15:12,061 - iteration - WARNING - Target sequence WP_005135680.1
2025-03-06 02:15:12,061 - iteration - WARNING - Target sequence WP_336165419.1
2025-03-06 02:15:12,061 - iteration - WARNING - Target sequence WP_049067880.1
2025-03-06 02:15:12,061 - iteration - WARNING - Target sequence WP_111916278.1
2025-03-06 02:15:12,061 - iteration - WARNING - Target sequence WP_286994997.1
2025-03-06 02:15:12,061 - iteration - WARNING - Target sequence WP_000186549.1
2025-03-06 02:15:12,061 - iteration - WARNING - Target sequence WP_032050729.1
2025-03-06 02:15:12,061 - iteration - WARNING - Target sequence WP_057066223.1
2025-03-06 02:15:12,061 - iteration - WARNING - Target sequence WP_049176220.1
2025-03-06 02:15:12,061 - iteration - WARNING - Target sequence WP_069035713.1
2025-03-06 02:15:12,061 - iteration - WARNING - Target sequence WP_242836118.1
2025-03-06 02:15:12,061 - iteration - WARNING - Target sequence WP_000052606.1
2025-03-06 02:15:12,061 - iteration - WARNING - Target sequence WP_001069149.1
2025-03-06 02:15:12,061 - iteration - WARNING - Target sequence WP_069036832.1
2025-03-06 02:15:12,061 - iteration - WARNING - Target sequence WP_262467546.1
2025-03-06 02:15:12,061 - iteration - WARNING - Target sequence WP_087400174.1
2025-03-06 02:15:12,061 - iteration - WARNING - Target sequence WP_086221743.1
2025-03-06 02:15:12,061 - iteration - WARNING - Target sequence WP_199969644.1
2025-03-06 02:15:12,061 - iteration - WARNING - Target sequence WP_199970979.1
2025-03-06 02:15:12,061 - iteration - WARNING - Target sequence WP_211247296.1
2025-03-06 02:15:12,061 - iteration - WARNING - Target sequence WP_031380325.1
2025-03-06 02:15:12,061 - iteration - WARNING - Target sequence WP_000667182.1
2025-03-06 02:15:12,061 - iteration - WARNING - Target sequence WP_199981006.1
2025-03-06 02:15:12,061 - iteration - WARNING - Target sequence WP_170814119.1
2025-03-06 02:15:12,061 - iteration - WARNING - Target sequence WP_151732332.1
2025-03-06 02:15:12,061 - iteration - WARNING - Target sequence WP_165381370.1
2025-03-06 02:15:12,061 - iteration - WARNING - Target sequence WP_166591661.1
2025-03-06 02:15:12,061 - iteration - WARNING - Target sequence WP_140992186.1
2025-03-06 02:15:12,061 - iteration - WARNING - Target sequence WP_194156750.1
2025-03-06 02:15:12,062 - iteration - WARNING - Target sequence WP_081404732.1
2025-03-06 02:15:12,062 - iteration - WARNING - Target sequence WP_019689230.1
2025-03-06 02:15:12,062 - iteration - WARNING - Target sequence WP_032005537.1
2025-03-06 02:15:12,062 - iteration - WARNING - Target sequence WP_051454262.1
2025-03-06 02:15:12,062 - iteration - WARNING - Target sequence WP_269317487.1
2025-03-06 02:15:12,062 - iteration - WARNING - Target sequence WP_004735505.1
2025-03-06 02:15:12,062 - iteration - WARNING - Target sequence WP_017387292.1
2025-03-06 02:15:12,062 - iteration - WARNING - Target sequence WP_176669718.1
2025-03-06 02:15:12,062 - iteration - WARNING - Target sequence WP_231492062.1
2025-03-06 02:15:12,062 - iteration - WARNING - Target sequence EXC06257.1
2025-03-06 02:15:12,062 - iteration - WARNING - Target sequence WP_084496552.1
2025-03-06 02:15:12,062 - iteration - WARNING - Target sequence WP_135949560.1
2025-03-06 02:15:12,062 - iteration - WARNING - Target sequence WP_002046024.1
2025-03-06 02:15:12,062 - iteration - WARNING - Target sequence WP_079380940.1
2025-03-06 02:15:12,062 - iteration - WARNING - Target sequence WP_069035699.1
2025-03-06 02:15:12,062 - iteration - WARNING - Target sequence WP_002131981.1
2025-03-06 02:15:12,062 - iteration - WARNING - Target sequence WP_019689749.1
2025-03-06 02:15:12,062 - iteration - WARNING - Target sequence EXC06255.1
2025-03-06 02:15:12,062 - iteration - WARNING - Target sequence WP_005304392.1
2025-03-06 02:15:12,062 - iteration - WARNING - Target sequence WP_320123886.1
2025-03-06 02:15:12,062 - iteration - WARNING - Target sequence WP_057094442.1
2025-03-06 02:15:12,062 - iteration - WARNING - Target sequence WP_000568483.1
2025-03-06 02:15:12,062 - iteration - WARNING - Target sequence WP_314429322.1
2025-03-06 02:15:12,062 - iteration - WARNING - Target sequence WP_057065980.1
2025-03-06 02:15:12,062 - iteration - WARNING - Target sequence WP_046693227.1
2025-03-06 02:15:12,062 - iteration - WARNING - Target sequence WP_000157654.1
2025-03-06 02:15:12,062 - iteration - WARNING - Target sequence WP_000769055.1
2025-03-06 02:15:12,062 - iteration - WARNING - Target sequence WP_121189121.1
2025-03-06 02:15:12,062 - iteration - WARNING - Target sequence WP_188142382.1
2025-03-06 02:15:12,062 - iteration - WARNING - Target sequence WP_034298980.1
2025-03-06 02:15:12,062 - iteration - WARNING - Target sequence WP_287990355.1
2025-03-06 02:15:12,062 - iteration - WARNING - Target sequence WP_032059809.1
2025-03-06 02:15:12,062 - iteration - WARNING - Target sequence WP_019689229.1
2025-03-06 02:15:12,062 - iteration - WARNING - Target sequence WP_086376522.1
2025-03-06 02:15:12,062 - iteration - WARNING - Target sequence WP_002045896.1
2025-03-06 02:15:12,062 - iteration - WARNING - Target sequence WP_151732333.1
2025-03-06 02:15:12,062 - iteration - WARNING - Target sequence WP_024264650.1
2025-03-06 02:15:12,062 - iteration - WARNING - Target sequence WP_151732330.1
2025-03-06 02:15:12,062 - iteration - WARNING - Target sequence WP_282463376.1
2025-03-06 02:15:12,062 - iteration - WARNING - Target sequence WP_045124803.1
2025-03-06 02:15:12,062 - iteration - WARNING - Target sequence WP_032004079.1
2025-03-06 02:15:12,062 - iteration - WARNING - Target sequence WP_035022505.1
2025-03-06 02:15:12,062 - iteration - WARNING - Target sequence WP_320123855.1
2025-03-06 02:15:12,062 - iteration - WARNING - Target sequence WP_081404566.1
2025-03-06 02:15:12,062 - iteration - WARNING - Target sequence WP_024858205.1
2025-03-06 02:15:12,062 - iteration - WARNING - Target sequence EXC07821.1
2025-03-06 02:15:12,062 - iteration - WARNING - Target sequence WP_278555429.1
2025-03-06 02:15:12,062 - iteration - WARNING - Target sequence WP_262440665.1
2025-03-06 02:15:12,063 - iteration - WARNING - Target sequence WP_004841117.1
2025-03-06 02:15:12,063 - iteration - WARNING - Target sequence WP_336165507.1
2025-03-06 02:15:12,063 - iteration - WARNING - Target sequence WP_121189115.1
2025-03-06 02:15:12,063 - iteration - WARNING - Target sequence WP_005803989.1
2025-03-06 02:15:12,063 - iteration - WARNING - Target sequence WP_017400457.1
2025-03-06 02:15:12,063 - iteration - WARNING - Target sequence WP_049175989.1
2025-03-06 02:15:12,063 - iteration - WARNING - Target sequence WP_002131956.1
2025-03-06 02:15:12,063 - iteration - WARNING - Target sequence WP_294479920.1
2025-03-06 02:15:12,063 - iteration - WARNING - Target sequence WP_019691093.1
2025-03-06 02:15:12,063 - iteration - WARNING - Target sequence WP_049174843.1
2025-03-06 02:15:12,063 - iteration - WARNING - Target sequence WP_306698592.1
2025-03-06 02:15:12,063 - iteration - WARNING - Target sequence WP_069036831.1
2025-03-06 02:15:12,063 - iteration - WARNING - Target sequence WP_049068650.1
2025-03-06 02:15:12,063 - iteration - WARNING - Target sequence WP_331279798.1
2025-03-06 02:15:12,063 - iteration - WARNING - Target sequence WP_024858200.1
2025-03-06 02:15:12,063 - iteration - WARNING - Target sequence EXC04292.1
2025-03-06 02:15:12,063 - iteration - WARNING - Target sequence WP_025464598.1
2025-03-06 02:15:12,063 - iteration - WARNING - Target sequence WP_133675752.1
2025-03-06 02:15:12,063 - iteration - WARNING - Target sequence WP_032000224.1
2025-03-06 02:15:12,063 - iteration - WARNING - Target sequence WP_081403753.1
2025-03-06 02:15:12,063 - iteration - WARNING - Target sequence WP_284073550.1
2025-03-06 02:15:12,063 - iteration - WARNING - Target sequence WP_086221744.1
2025-03-06 02:15:12,077 - iteration - INFO - Done All mapping done. Table saved to mapping.csv
2025-03-06 02:15:12,078 - iteration - INFO - Done Mapping for functional annotation
2025-03-06 02:15:12,081 - iteration - INFO - Get functional annotations and structures
2025-03-06 02:15:12,154 - iteration - INFO - Done Get functional annotations and structures
2025-03-06 02:15:12,175 - iteration - INFO - Done Families information written to protein_families_summary.json
2025-03-06 02:15:12,175 - iteration - INFO - Running standard operon clustering
2025-03-06 02:15:13,992 - iteration - INFO - Done Running standard operon clustering
2025-03-06 02:15:13,995 - iteration - INFO - Create operons summary
2025-03-06 02:15:13,996 - iteration - INFO - Done Create operons summary
2025-03-06 02:15:13,996 - iteration - INFO - Found 434 operon types (out of a total of 652 input targets)
2025-03-06 02:15:14,000 - iteration - INFO - Find most populated operon types
2025-03-06 02:15:14,003 - iteration - INFO - Done Find most populated operon types
2025-03-06 02:15:14,004 - iteration - INFO - Selected 31 operon/genomic_context types, with most populated corresponding to GC Type 00272
2025-03-06 02:15:14,008 - iteration - INFO - Done Selected operon written to selected_operons.json
2025-03-06 02:15:42,352 - iteration - INFO - Find and map taxonomy
2025-03-06 02:15:42,612 - iteration - INFO - Done Find and map taxonomy
2025-03-06 02:15:42,617 - iteration - INFO - Done Taxonomy information written to taxonomy.json
2025-03-06 02:15:42,619 - iteration - INFO - TM annotation set to False. Transmembrane segments and signal peptides will not be searched
2025-03-06 02:15:42,709 - iteration - INFO - Creating genomic context figures
2025-03-06 02:15:55,428 - iteration - INFO - Done Creating genomic context figures
2025-03-06 02:15:55,429 - iteration - INFO - Genomic context figures created in 1000_8_4_2_5_genomic_context.png
2025-03-06 02:15:55,520 - iteration - INFO - Creating interactive genomic context figures
2025-03-06 02:16:07,684 - iteration - INFO - Done Creating interactive genomic context figures
2025-03-06 02:16:07,685 - iteration - INFO - Genomic context visualization created in 1000_8_4_2_5_interactive_output.html
2025-03-06 02:16:07,716 - iteration - INFO - Done Families information written to protein_families_summary.json
2025-03-06 02:16:07,814 - iteration - INFO - Done Syntenies information written to all_syntenies.json
2025-03-06 02:16:07,814 - iteration - INFO - Successfully finished task 1000_8_4_2_5 with 1000 targets.
