Starting Cluster
#!/usr/bin/env bash

#SBATCH -J dask-worker
#SBATCH -n 1
#SBATCH --cpus-per-task=8
#SBATCH --mem=15G
#SBATCH -t 00:30:00
#SBATCH --hint=nomultithread
#SBATCH --exclusive
#SBATCH --partition=xeon
#SBATCH --output=/users/stud/k/kruret00/MT/dask_distributed_assemblies/results/worker_slurm_out/10000_16_8_5_%j.out
ml Python
/opt/apps/easybuild/software/Python/3.10.8-GCCcore-12.2.0/bin/python3 -m distributed.cli.dask_worker tcp://10.34.59.1:39917 --name dummy-name --nthreads 1 --memory-limit 1.86GiB --nworkers 8 --nanny --death-timeout 60

Running repetition 5...
{'type': 'Scheduler', 'id': 'Scheduler-df573703-9bdd-4c5d-a47d-bee4da5191aa', 'address': 'tcp://10.34.59.1:39917', 'services': {'dashboard': 8787}, 'started': 1723184973.335826, 'workers': {}}
Cores 0
Threads 0
Futures created
Results gathered
Done repetition 5
Closing Cluster
Finished and found 10000 assemblies
