Starting Cluster
#!/usr/bin/env bash

#SBATCH -J dask-worker
#SBATCH -n 1
#SBATCH --cpus-per-task=16
#SBATCH --mem=30G
#SBATCH -t 00:30:00
#SBATCH --hint=nomultithread
#SBATCH --exclusive
#SBATCH --partition=xeon
#SBATCH --output=/users/stud/k/kruret00/MT/dask_distributed_assemblies/results/worker_slurm_out/1000_16_16_2_%j.out
ml Python
/opt/apps/easybuild/software/Python/3.10.8-GCCcore-12.2.0/bin/python3 -m distributed.cli.dask_worker tcp://10.34.59.1:45023 --name dummy-name --nthreads 1 --memory-limit 1.86GiB --nworkers 16 --nanny --death-timeout 60

Running repetition 2...
{'type': 'Scheduler', 'id': 'Scheduler-11afbd45-3f6e-41bf-a745-7597b7a3e0d8', 'address': 'tcp://10.34.59.1:45023', 'services': {'dashboard': 8787}, 'started': 1723171139.6548855, 'workers': {}}
Cores 0
Threads 0
Futures created
Results gathered
Done repetition 2
Closing Cluster
Finished and found 1000 assemblies
