Starting Cluster
#!/usr/bin/env bash

#SBATCH -J dask-worker
#SBATCH -n 1
#SBATCH --cpus-per-task=1
#SBATCH --mem=2G
#SBATCH -t 00:30:00
#SBATCH --hint=nomultithread
#SBATCH --exclusive
#SBATCH --partition=xeon
#SBATCH --output=/users/stud/k/kruret00/MT/dask_distributed_assemblies/results/worker_slurm_out/1000_4_1_5_%j.out
ml Python
/opt/apps/easybuild/software/Python/3.10.8-GCCcore-12.2.0/bin/python3 -m distributed.cli.dask_worker tcp://10.34.59.1:46650 --name dummy-name --nthreads 1 --memory-limit 1.86GiB --nanny --death-timeout 60

Running repetition 5...
{'type': 'Scheduler', 'id': 'Scheduler-40fd0805-7414-4ea9-92c4-fd1e26e7840c', 'address': 'tcp://10.34.59.1:46650', 'services': {'dashboard': 8787}, 'started': 1723169783.1599357, 'workers': {}}
Cores 0
Threads 0
Futures created
Results gathered
Done repetition 5
Closing Cluster
Finished and found 1000 assemblies
