Starting Cluster
#!/usr/bin/env bash

#SBATCH -J dask-worker
#SBATCH -n 1
#SBATCH --cpus-per-task=4
#SBATCH --mem=8G
#SBATCH -t 00:30:00
#SBATCH --hint=nomultithread
#SBATCH --exclusive
#SBATCH --partition=xeon
#SBATCH --output=/users/stud/k/kruret00/MT/dask_distributed_assemblies/results/worker_slurm_out/10000_4_4_3_%j.out
ml Python
/opt/apps/easybuild/software/Python/3.10.8-GCCcore-12.2.0/bin/python3 -m distributed.cli.dask_worker tcp://10.34.59.1:44633 --name dummy-name --nthreads 1 --memory-limit 1.86GiB --nworkers 4 --nanny --death-timeout 60

Running repetition 3...
{'type': 'Scheduler', 'id': 'Scheduler-b4da5c6c-a987-4cc0-86b1-3c54ed719d9d', 'address': 'tcp://10.34.59.1:44633', 'services': {'dashboard': 8787}, 'started': 1723183382.9704797, 'workers': {}}
Cores 0
Threads 0
Futures created
Results gathered
Done repetition 3
Closing Cluster
Finished and found 10000 assemblies
