Starting Cluster
#!/usr/bin/env bash

#SBATCH -J dask-worker
#SBATCH -n 1
#SBATCH --cpus-per-task=1
#SBATCH --mem=2G
#SBATCH -t 00:30:00
#SBATCH --hint=nomultithread
#SBATCH --exclusive
#SBATCH --partition=xeon
#SBATCH --output=/users/stud/k/kruret00/MT/dask_distributed_assemblies/results/worker_slurm_out/1000_2_1_2_%j.out
ml Python
/opt/apps/easybuild/software/Python/3.10.8-GCCcore-12.2.0/bin/python3 -m distributed.cli.dask_worker tcp://10.34.59.1:43172 --name dummy-name --nthreads 1 --memory-limit 1.86GiB --nanny --death-timeout 60

Running repetition 2...
{'type': 'Scheduler', 'id': 'Scheduler-41d3d8fb-bb82-4fd1-b6c0-825e4344c26c', 'address': 'tcp://10.34.59.1:43172', 'services': {'dashboard': 8787}, 'started': 1723169070.1378665, 'workers': {}}
Cores 0
Threads 0
Futures created
Results gathered
Done repetition 2
Closing Cluster
Finished and found 1000 assemblies
