Starting Cluster
#!/usr/bin/env bash

#SBATCH -J dask-worker
#SBATCH -n 1
#SBATCH --cpus-per-task=2
#SBATCH --mem=4G
#SBATCH -t 00:30:00
#SBATCH --hint=nomultithread
#SBATCH --exclusive
#SBATCH --partition=xeon
#SBATCH --output=/users/stud/k/kruret00/MT/dask_distributed_assemblies/results/worker_slurm_out/5000_4_2_5_%j.out
ml Python
/opt/apps/easybuild/software/Python/3.10.8-GCCcore-12.2.0/bin/python3 -m distributed.cli.dask_worker tcp://10.34.59.1:34808 --name dummy-name --nthreads 1 --memory-limit 1.86GiB --nworkers 2 --nanny --death-timeout 60

Running repetition 5...
{'type': 'Scheduler', 'id': 'Scheduler-1228d3d2-ce56-4890-b254-7989a959383c', 'address': 'tcp://10.34.59.1:34808', 'services': {'dashboard': 8787}, 'started': 1723177308.8443637, 'workers': {}}
Cores 0
Threads 0
Futures created
Results gathered
Done repetition 5
Closing Cluster
Finished and found 5000 assemblies
