Starting Cluster
#!/usr/bin/env bash

#SBATCH -J dask-worker
#SBATCH -n 1
#SBATCH --cpus-per-task=2
#SBATCH --mem=4G
#SBATCH -t 00:30:00
#SBATCH --hint=nomultithread
#SBATCH --exclusive
#SBATCH --partition=xeon
#SBATCH --output=/users/stud/k/kruret00/MT/dask_distributed_assemblies/results/worker_slurm_out/5000_2_2_3_%j.out
ml Python
/opt/apps/easybuild/software/Python/3.10.8-GCCcore-12.2.0/bin/python3 -m distributed.cli.dask_worker tcp://10.34.59.1:36065 --name dummy-name --nthreads 1 --memory-limit 1.86GiB --nworkers 2 --nanny --death-timeout 60

Running repetition 3...
{'type': 'Scheduler', 'id': 'Scheduler-f7c0e249-d860-47cf-b56b-6d1ba3f65522', 'address': 'tcp://10.34.59.1:36065', 'services': {'dashboard': 8787}, 'started': 1723176382.7107217, 'workers': {}}
Cores 0
Threads 0
Futures created
Results gathered
Done repetition 3
Closing Cluster
Finished and found 5000 assemblies
